<?xml version="1.0" encoding="UTF-8"?>
<!-- Generated by org.testng.reporters.JUnitReportReporter -->
<testsuite skipped="0" hostname="DESKTOP-U4O5QME" name="com.Vtiger.OrganizationTest.OrganizationTest" tests="3" failures="0" timestamp="08 Mar 2019 11:51:31 GMT" time="40.342" errors="0">
  <testcase name="createOrganizationTest" time="11.515" classname="com.Vtiger.OrganizationTest.OrganizationTest"/>
  <testcase name="deleteOrganizationTest" time="14.120" classname="com.Vtiger.OrganizationTest.OrganizationTest"/>
  <testcase name="modifyOrganizationTest" time="14.707" classname="com.Vtiger.OrganizationTest.OrganizationTest"/>
</testsuite> <!-- com.Vtiger.OrganizationTest.OrganizationTest -->
